[INFO] 2018-09-11 15:59:00,359 - mario: Beginning build process.
[INFO] 2018-09-11 15:59:00,360 - mario: ROOT FOLDER: C:\Users\Matthew\software\python\kivy\mario
[INFO] 2018-09-11 15:59:00,360 - mario: Initializing GUI.
[INFO] 2018-09-11 15:59:00,361 - mario: Initializing World.
[INFO] 2018-09-11 15:59:00,361 - mario: Adding initial elements to world.
[INFO] 2018-09-11 15:59:00,376 - mario: Done adding initial elements to world.
[INFO] 2018-09-11 15:59:00,376 - mario: Done initializing GUI.
[INFO] 2018-09-11 15:59:00,376 - mario: Scheduling update interval for 0.016666666666666666 seconds.
[DEBUG] 2018-09-11 15:59:00,379 - mario: GUI update.
[DEBUG] 2018-09-11 15:59:00,379 - mario: World update.
[DEBUG] 2018-09-11 15:59:00,379 - mario: Pipe update.
[DEBUG] 2018-09-11 15:59:00,379 - mario: Koopa update.
[DEBUG] 2018-09-11 15:59:00,379 - mario: Feather update.
[DEBUG] 2018-09-11 15:59:00,380 - mario: Hero update.
[DEBUG] 2018-09-11 15:59:00,380 - mario: PlatformManager update.
[DEBUG] 2018-09-11 15:59:00,415 - mario: GUI update.
[DEBUG] 2018-09-11 15:59:00,415 - mario: World update.
[DEBUG] 2018-09-11 15:59:00,415 - mario: Pipe update.
[DEBUG] 2018-09-11 15:59:00,415 - mario: Koopa update.
[DEBUG] 2018-09-11 15:59:00,415 - mario: Feather update.
[DEBUG] 2018-09-11 15:59:00,415 - mario: Hero update.
[DEBUG] 2018-09-11 15:59:00,415 - mario: PlatformManager update.
[DEBUG] 2018-09-11 15:59:00,430 - mario: GUI update.
[DEBUG] 2018-09-11 15:59:00,430 - mario: World update.
[DEBUG] 2018-09-11 15:59:00,430 - mario: Pipe update.
[DEBUG] 2018-09-11 15:59:00,430 - mario: Koopa update.
[DEBUG] 2018-09-11 15:59:00,430 - mario: Feather update.
[DEBUG] 2018-09-11 15:59:00,430 - mario: Hero update.
[DEBUG] 2018-09-11 15:59:00,430 - mario: PlatformManager update.
[DEBUG] 2018-09-11 15:59:00,445 - mario: GUI update.
[DEBUG] 2018-09-11 15:59:00,445 - mario: World update.
[DEBUG] 2018-09-11 15:59:00,445 - mario: Pipe update.
[DEBUG] 2018-09-11 15:59:00,445 - mario: Koopa update.
[DEBUG] 2018-09-11 15:59:00,445 - mario: Feather update.
[DEBUG] 2018-09-11 15:59:00,445 - mario: Hero update.
[DEBUG] 2018-09-11 15:59:00,445 - mario: PlatformManager update.
[DEBUG] 2018-09-11 15:59:00,460 - mario: GUI update.
[DEBUG] 2018-09-11 15:59:00,460 - mario: World update.
[DEBUG] 2018-09-11 15:59:00,460 - mario: Pipe update.
[DEBUG] 2018-09-11 15:59:00,460 - mario: Koopa update.
[DEBUG] 2018-09-11 15:59:00,460 - mario: Feather update.
[DEBUG] 2018-09-11 15:59:00,460 - mario: Hero update.
[DEBUG] 2018-09-11 15:59:00,460 - mario: PlatformManager update.
[DEBUG] 2018-09-11 15:59:00,475 - mario: GUI update.
[DEBUG] 2018-09-11 15:59:00,475 - mario: World update.
[DEBUG] 2018-09-11 15:59:00,475 - mario: Pipe update.
[DEBUG] 2018-09-11 15:59:00,475 - mario: Koopa update.
[DEBUG] 2018-09-11 15:59:00,475 - mario: Feather update.
[DEBUG] 2018-09-11 15:59:00,475 - mario: Hero update.
[DEBUG] 2018-09-11 15:59:00,475 - mario: PlatformManager update.
[DEBUG] 2018-09-11 15:59:00,490 - mario: GUI update.
[DEBUG] 2018-09-11 15:59:00,490 - mario: World update.
[DEBUG] 2018-09-11 15:59:00,490 - mario: Pipe update.
[DEBUG] 2018-09-11 15:59:00,490 - mario: Koopa update.
[DEBUG] 2018-09-11 15:59:00,490 - mario: Feather update.
[DEBUG] 2018-09-11 15:59:00,490 - mario: Hero update.
[DEBUG] 2018-09-11 15:59:00,490 - mario: PlatformManager update.
[DEBUG] 2018-09-11 15:59:00,506 - mario: GUI update.
[DEBUG] 2018-09-11 15:59:00,506 - mario: World update.
[DEBUG] 2018-09-11 15:59:00,506 - mario: Pipe update.
[DEBUG] 2018-09-11 15:59:00,506 - mario: Koopa update.
[DEBUG] 2018-09-11 15:59:00,506 - mario: Feather update.
[DEBUG] 2018-09-11 15:59:00,506 - mario: Hero update.
[DEBUG] 2018-09-11 15:59:00,506 - mario: PlatformManager update.
[DEBUG] 2018-09-11 15:59:00,522 - mario: GUI update.
[DEBUG] 2018-09-11 15:59:00,522 - mario: World update.
[DEBUG] 2018-09-11 15:59:00,522 - mario: Pipe update.
[DEBUG] 2018-09-11 15:59:00,522 - mario: Koopa update.
[DEBUG] 2018-09-11 15:59:00,522 - mario: Feather update.
[DEBUG] 2018-09-11 15:59:00,522 - mario: Hero update.
[DEBUG] 2018-09-11 15:59:00,522 - mario: PlatformManager update.
[DEBUG] 2018-09-11 15:59:00,537 - mario: GUI update.
[DEBUG] 2018-09-11 15:59:00,537 - mario: World update.
[DEBUG] 2018-09-11 15:59:00,537 - mario: Pipe update.
[DEBUG] 2018-09-11 15:59:00,537 - mario: Koopa update.
[DEBUG] 2018-09-11 15:59:00,537 - mario: Feather update.
[DEBUG] 2018-09-11 15:59:00,537 - mario: Hero update.
[DEBUG] 2018-09-11 15:59:00,537 - mario: PlatformManager update.
[DEBUG] 2018-09-11 15:59:00,552 - mario: GUI update.
[DEBUG] 2018-09-11 15:59:00,552 - mario: World update.
[DEBUG] 2018-09-11 15:59:00,552 - mario: Pipe update.
[DEBUG] 2018-09-11 15:59:00,552 - mario: Koopa update.
[DEBUG] 2018-09-11 15:59:00,552 - mario: Feather update.
[DEBUG] 2018-09-11 15:59:00,552 - mario: Hero update.
[DEBUG] 2018-09-11 15:59:00,552 - mario: PlatformManager update.
[DEBUG] 2018-09-11 15:59:00,567 - mario: GUI update.
[DEBUG] 2018-09-11 15:59:00,567 - mario: World update.
[DEBUG] 2018-09-11 15:59:00,567 - mario: Pipe update.
[DEBUG] 2018-09-11 15:59:00,567 - mario: Koopa update.
[DEBUG] 2018-09-11 15:59:00,567 - mario: Feather update.
[DEBUG] 2018-09-11 15:59:00,567 - mario: Hero update.
[DEBUG] 2018-09-11 15:59:00,567 - mario: PlatformManager update.
[DEBUG] 2018-09-11 15:59:00,582 - mario: GUI update.
[DEBUG] 2018-09-11 15:59:00,582 - mario: World update.
[DEBUG] 2018-09-11 15:59:00,582 - mario: Pipe update.
[DEBUG] 2018-09-11 15:59:00,582 - mario: Koopa update.
[DEBUG] 2018-09-11 15:59:00,582 - mario: Feather update.
[DEBUG] 2018-09-11 15:59:00,582 - mario: Hero update.
[DEBUG] 2018-09-11 15:59:00,582 - mario: PlatformManager update.
[DEBUG] 2018-09-11 15:59:00,597 - mario: GUI update.
[DEBUG] 2018-09-11 15:59:00,597 - mario: World update.
[DEBUG] 2018-09-11 15:59:00,597 - mario: Pipe update.
[DEBUG] 2018-09-11 15:59:00,597 - mario: Koopa update.
[DEBUG] 2018-09-11 15:59:00,597 - mario: Feather update.
[DEBUG] 2018-09-11 15:59:00,597 - mario: Hero update.
[DEBUG] 2018-09-11 15:59:00,597 - mario: PlatformManager update.
[DEBUG] 2018-09-11 15:59:00,612 - mario: GUI update.
[DEBUG] 2018-09-11 15:59:00,612 - mario: World update.
[DEBUG] 2018-09-11 15:59:00,612 - mario: Pipe update.
[DEBUG] 2018-09-11 15:59:00,612 - mario: Koopa update.
[DEBUG] 2018-09-11 15:59:00,612 - mario: Feather update.
[DEBUG] 2018-09-11 15:59:00,612 - mario: Hero update.
[DEBUG] 2018-09-11 15:59:00,612 - mario: PlatformManager update.
[DEBUG] 2018-09-11 15:59:00,627 - mario: GUI update.
[DEBUG] 2018-09-11 15:59:00,627 - mario: World update.
[DEBUG] 2018-09-11 15:59:00,627 - mario: Pipe update.
[DEBUG] 2018-09-11 15:59:00,627 - mario: Koopa update.
[DEBUG] 2018-09-11 15:59:00,627 - mario: Feather update.
[DEBUG] 2018-09-11 15:59:00,627 - mario: Hero update.
[DEBUG] 2018-09-11 15:59:00,627 - mario: PlatformManager update.
[DEBUG] 2018-09-11 15:59:00,642 - mario: GUI update.
[DEBUG] 2018-09-11 15:59:00,642 - mario: World update.
[DEBUG] 2018-09-11 15:59:00,642 - mario: Pipe update.
[DEBUG] 2018-09-11 15:59:00,642 - mario: Koopa update.
[DEBUG] 2018-09-11 15:59:00,642 - mario: Feather update.
[DEBUG] 2018-09-11 15:59:00,642 - mario: Hero update.
[DEBUG] 2018-09-11 15:59:00,642 - mario: PlatformManager update.
[DEBUG] 2018-09-11 15:59:00,657 - mario: GUI update.
[DEBUG] 2018-09-11 15:59:00,657 - mario: World update.
[DEBUG] 2018-09-11 15:59:00,657 - mario: Pipe update.
[DEBUG] 2018-09-11 15:59:00,657 - mario: Koopa update.
[DEBUG] 2018-09-11 15:59:00,657 - mario: Feather update.
[DEBUG] 2018-09-11 15:59:00,657 - mario: Hero update.
[DEBUG] 2018-09-11 15:59:00,657 - mario: PlatformManager update.
[DEBUG] 2018-09-11 15:59:00,673 - mario: GUI update.
[DEBUG] 2018-09-11 15:59:00,673 - mario: World update.
[DEBUG] 2018-09-11 15:59:00,673 - mario: Pipe update.
[DEBUG] 2018-09-11 15:59:00,673 - mario: Koopa update.
[DEBUG] 2018-09-11 15:59:00,673 - mario: Feather update.
[DEBUG] 2018-09-11 15:59:00,673 - mario: Hero update.
[DEBUG] 2018-09-11 15:59:00,673 - mario: PlatformManager update.
[DEBUG] 2018-09-11 15:59:00,688 - mario: GUI update.
[DEBUG] 2018-09-11 15:59:00,688 - mario: World update.
[DEBUG] 2018-09-11 15:59:00,688 - mario: Pipe update.
[DEBUG] 2018-09-11 15:59:00,688 - mario: Koopa update.
[DEBUG] 2018-09-11 15:59:00,688 - mario: Feather update.
[DEBUG] 2018-09-11 15:59:00,688 - mario: Hero update.
[DEBUG] 2018-09-11 15:59:00,688 - mario: PlatformManager update.
[DEBUG] 2018-09-11 15:59:00,703 - mario: GUI update.
[DEBUG] 2018-09-11 15:59:00,703 - mario: World update.
[DEBUG] 2018-09-11 15:59:00,703 - mario: Pipe update.
[DEBUG] 2018-09-11 15:59:00,703 - mario: Koopa update.
[DEBUG] 2018-09-11 15:59:00,703 - mario: Feather update.
[DEBUG] 2018-09-11 15:59:00,703 - mario: Hero update.
[DEBUG] 2018-09-11 15:59:00,703 - mario: PlatformManager update.
[DEBUG] 2018-09-11 15:59:00,718 - mario: GUI update.
[DEBUG] 2018-09-11 15:59:00,718 - mario: World update.
[DEBUG] 2018-09-11 15:59:00,718 - mario: Pipe update.
[DEBUG] 2018-09-11 15:59:00,718 - mario: Koopa update.
[DEBUG] 2018-09-11 15:59:00,718 - mario: Feather update.
[DEBUG] 2018-09-11 15:59:00,718 - mario: Hero update.
[DEBUG] 2018-09-11 15:59:00,718 - mario: PlatformManager update.
[DEBUG] 2018-09-11 15:59:00,733 - mario: GUI update.
[DEBUG] 2018-09-11 15:59:00,733 - mario: World update.
[DEBUG] 2018-09-11 15:59:00,733 - mario: Pipe update.
[DEBUG] 2018-09-11 15:59:00,733 - mario: Koopa update.
[DEBUG] 2018-09-11 15:59:00,733 - mario: Feather update.
[DEBUG] 2018-09-11 15:59:00,733 - mario: Hero update.
[DEBUG] 2018-09-11 15:59:00,733 - mario: PlatformManager update.
[DEBUG] 2018-09-11 15:59:00,749 - mario: GUI update.
[DEBUG] 2018-09-11 15:59:00,749 - mario: World update.
[DEBUG] 2018-09-11 15:59:00,749 - mario: Pipe update.
[DEBUG] 2018-09-11 15:59:00,749 - mario: Koopa update.
[DEBUG] 2018-09-11 15:59:00,749 - mario: Feather update.
[DEBUG] 2018-09-11 15:59:00,749 - mario: Hero update.
[DEBUG] 2018-09-11 15:59:00,749 - mario: PlatformManager update.
[DEBUG] 2018-09-11 15:59:00,764 - mario: GUI update.
[DEBUG] 2018-09-11 15:59:00,764 - mario: World update.
[DEBUG] 2018-09-11 15:59:00,764 - mario: Pipe update.
[DEBUG] 2018-09-11 15:59:00,764 - mario: Koopa update.
[DEBUG] 2018-09-11 15:59:00,764 - mario: Feather update.
[DEBUG] 2018-09-11 15:59:00,764 - mario: Hero update.
[DEBUG] 2018-09-11 15:59:00,764 - mario: PlatformManager update.
[DEBUG] 2018-09-11 15:59:00,779 - mario: GUI update.
[DEBUG] 2018-09-11 15:59:00,779 - mario: World update.
[DEBUG] 2018-09-11 15:59:00,779 - mario: Pipe update.
[DEBUG] 2018-09-11 15:59:00,779 - mario: Koopa update.
[DEBUG] 2018-09-11 15:59:00,779 - mario: Feather update.
[DEBUG] 2018-09-11 15:59:00,779 - mario: Hero update.
[DEBUG] 2018-09-11 15:59:00,779 - mario: PlatformManager update.
[DEBUG] 2018-09-11 15:59:00,794 - mario: GUI update.
[DEBUG] 2018-09-11 15:59:00,794 - mario: World update.
[DEBUG] 2018-09-11 15:59:00,794 - mario: Pipe update.
[DEBUG] 2018-09-11 15:59:00,794 - mario: Koopa update.
[DEBUG] 2018-09-11 15:59:00,794 - mario: Feather update.
[DEBUG] 2018-09-11 15:59:00,794 - mario: Hero update.
[DEBUG] 2018-09-11 15:59:00,794 - mario: PlatformManager update.
[DEBUG] 2018-09-11 15:59:00,809 - mario: GUI update.
[DEBUG] 2018-09-11 15:59:00,809 - mario: World update.
[DEBUG] 2018-09-11 15:59:00,809 - mario: Pipe update.
[DEBUG] 2018-09-11 15:59:00,809 - mario: Koopa update.
[DEBUG] 2018-09-11 15:59:00,809 - mario: Feather update.
[DEBUG] 2018-09-11 15:59:00,809 - mario: Hero update.
[DEBUG] 2018-09-11 15:59:00,809 - mario: PlatformManager update.
[DEBUG] 2018-09-11 15:59:00,824 - mario: GUI update.
[DEBUG] 2018-09-11 15:59:00,824 - mario: World update.
[DEBUG] 2018-09-11 15:59:00,824 - mario: Pipe update.
[DEBUG] 2018-09-11 15:59:00,824 - mario: Koopa update.
[DEBUG] 2018-09-11 15:59:00,824 - mario: Feather update.
[DEBUG] 2018-09-11 15:59:00,824 - mario: Hero update.
[DEBUG] 2018-09-11 15:59:00,824 - mario: PlatformManager update.
[DEBUG] 2018-09-11 15:59:00,839 - mario: GUI update.
[DEBUG] 2018-09-11 15:59:00,839 - mario: World update.
[DEBUG] 2018-09-11 15:59:00,839 - mario: Pipe update.
[DEBUG] 2018-09-11 15:59:00,839 - mario: Koopa update.
[DEBUG] 2018-09-11 15:59:00,839 - mario: Feather update.
[DEBUG] 2018-09-11 15:59:00,839 - mario: Hero update.
[DEBUG] 2018-09-11 15:59:00,839 - mario: PlatformManager update.
[DEBUG] 2018-09-11 15:59:00,854 - mario: GUI update.
[DEBUG] 2018-09-11 15:59:00,854 - mario: World update.
[DEBUG] 2018-09-11 15:59:00,854 - mario: Pipe update.
[DEBUG] 2018-09-11 15:59:00,854 - mario: Koopa update.
[DEBUG] 2018-09-11 15:59:00,854 - mario: Feather update.
[DEBUG] 2018-09-11 15:59:00,854 - mario: Hero update.
[DEBUG] 2018-09-11 15:59:00,854 - mario: PlatformManager update.
[DEBUG] 2018-09-11 15:59:00,869 - mario: GUI update.
[DEBUG] 2018-09-11 15:59:00,869 - mario: World update.
[DEBUG] 2018-09-11 15:59:00,869 - mario: Pipe update.
[DEBUG] 2018-09-11 15:59:00,869 - mario: Koopa update.
[DEBUG] 2018-09-11 15:59:00,869 - mario: Feather update.
[DEBUG] 2018-09-11 15:59:00,869 - mario: Hero update.
[DEBUG] 2018-09-11 15:59:00,869 - mario: PlatformManager update.
[DEBUG] 2018-09-11 15:59:00,884 - mario: GUI update.
[DEBUG] 2018-09-11 15:59:00,884 - mario: World update.
[DEBUG] 2018-09-11 15:59:00,884 - mario: Pipe update.
[DEBUG] 2018-09-11 15:59:00,884 - mario: Koopa update.
[DEBUG] 2018-09-11 15:59:00,884 - mario: Feather update.
[DEBUG] 2018-09-11 15:59:00,884 - mario: Hero update.
[DEBUG] 2018-09-11 15:59:00,884 - mario: PlatformManager update.
[DEBUG] 2018-09-11 15:59:00,899 - mario: GUI update.
[DEBUG] 2018-09-11 15:59:00,899 - mario: World update.
[DEBUG] 2018-09-11 15:59:00,899 - mario: Pipe update.
[DEBUG] 2018-09-11 15:59:00,899 - mario: Koopa update.
[DEBUG] 2018-09-11 15:59:00,899 - mario: Feather update.
[DEBUG] 2018-09-11 15:59:00,899 - mario: Hero update.
[DEBUG] 2018-09-11 15:59:00,899 - mario: PlatformManager update.
[DEBUG] 2018-09-11 15:59:00,914 - mario: GUI update.
[DEBUG] 2018-09-11 15:59:00,914 - mario: World update.
[DEBUG] 2018-09-11 15:59:00,914 - mario: Pipe update.
[DEBUG] 2018-09-11 15:59:00,914 - mario: Koopa update.
[DEBUG] 2018-09-11 15:59:00,914 - mario: Feather update.
[DEBUG] 2018-09-11 15:59:00,914 - mario: Hero update.
[DEBUG] 2018-09-11 15:59:00,914 - mario: PlatformManager update.
[DEBUG] 2018-09-11 15:59:00,929 - mario: GUI update.
[DEBUG] 2018-09-11 15:59:00,929 - mario: World update.
[DEBUG] 2018-09-11 15:59:00,929 - mario: Pipe update.
[DEBUG] 2018-09-11 15:59:00,929 - mario: Koopa update.
[DEBUG] 2018-09-11 15:59:00,929 - mario: Feather update.
[DEBUG] 2018-09-11 15:59:00,929 - mario: Hero update.
[DEBUG] 2018-09-11 15:59:00,929 - mario: PlatformManager update.
[DEBUG] 2018-09-11 15:59:00,944 - mario: GUI update.
[DEBUG] 2018-09-11 15:59:00,944 - mario: World update.
[DEBUG] 2018-09-11 15:59:00,944 - mario: Pipe update.
[DEBUG] 2018-09-11 15:59:00,944 - mario: Koopa update.
[DEBUG] 2018-09-11 15:59:00,944 - mario: Feather update.
[DEBUG] 2018-09-11 15:59:00,944 - mario: Hero update.
[DEBUG] 2018-09-11 15:59:00,944 - mario: PlatformManager update.
[DEBUG] 2018-09-11 15:59:00,959 - mario: GUI update.
[DEBUG] 2018-09-11 15:59:00,959 - mario: World update.
[DEBUG] 2018-09-11 15:59:00,959 - mario: Pipe update.
[DEBUG] 2018-09-11 15:59:00,959 - mario: Koopa update.
[DEBUG] 2018-09-11 15:59:00,959 - mario: Feather update.
[DEBUG] 2018-09-11 15:59:00,959 - mario: Hero update.
[DEBUG] 2018-09-11 15:59:00,959 - mario: PlatformManager update.
[DEBUG] 2018-09-11 15:59:00,974 - mario: GUI update.
[DEBUG] 2018-09-11 15:59:00,974 - mario: World update.
[DEBUG] 2018-09-11 15:59:00,974 - mario: Pipe update.
[DEBUG] 2018-09-11 15:59:00,974 - mario: Koopa update.
[DEBUG] 2018-09-11 15:59:00,974 - mario: Feather update.
[DEBUG] 2018-09-11 15:59:00,974 - mario: Hero update.
[DEBUG] 2018-09-11 15:59:00,974 - mario: PlatformManager update.
[DEBUG] 2018-09-11 15:59:00,989 - mario: GUI update.
[DEBUG] 2018-09-11 15:59:00,989 - mario: World update.
[DEBUG] 2018-09-11 15:59:00,989 - mario: Pipe update.
[DEBUG] 2018-09-11 15:59:00,989 - mario: Koopa update.
[DEBUG] 2018-09-11 15:59:00,989 - mario: Feather update.
[DEBUG] 2018-09-11 15:59:00,989 - mario: Hero update.
[DEBUG] 2018-09-11 15:59:00,989 - mario: PlatformManager update.
[DEBUG] 2018-09-11 15:59:01,005 - mario: GUI update.
[DEBUG] 2018-09-11 15:59:01,005 - mario: World update.
[DEBUG] 2018-09-11 15:59:01,005 - mario: Pipe update.
[DEBUG] 2018-09-11 15:59:01,005 - mario: Koopa update.
[DEBUG] 2018-09-11 15:59:01,005 - mario: Feather update.
[DEBUG] 2018-09-11 15:59:01,005 - mario: Hero update.
[DEBUG] 2018-09-11 15:59:01,005 - mario: PlatformManager update.
[DEBUG] 2018-09-11 15:59:01,020 - mario: GUI update.
[DEBUG] 2018-09-11 15:59:01,020 - mario: World update.
[DEBUG] 2018-09-11 15:59:01,020 - mario: Pipe update.
[DEBUG] 2018-09-11 15:59:01,020 - mario: Koopa update.
[DEBUG] 2018-09-11 15:59:01,020 - mario: Feather update.
[DEBUG] 2018-09-11 15:59:01,020 - mario: Hero update.
[DEBUG] 2018-09-11 15:59:01,020 - mario: PlatformManager update.
[DEBUG] 2018-09-11 15:59:01,035 - mario: GUI update.
[DEBUG] 2018-09-11 15:59:01,035 - mario: World update.
[DEBUG] 2018-09-11 15:59:01,035 - mario: Pipe update.
[DEBUG] 2018-09-11 15:59:01,035 - mario: Koopa update.
[DEBUG] 2018-09-11 15:59:01,035 - mario: Feather update.
[DEBUG] 2018-09-11 15:59:01,035 - mario: Hero update.
[DEBUG] 2018-09-11 15:59:01,035 - mario: PlatformManager update.
[DEBUG] 2018-09-11 15:59:01,050 - mario: GUI update.
[DEBUG] 2018-09-11 15:59:01,050 - mario: World update.
[DEBUG] 2018-09-11 15:59:01,050 - mario: Pipe update.
[DEBUG] 2018-09-11 15:59:01,050 - mario: Koopa update.
[DEBUG] 2018-09-11 15:59:01,050 - mario: Feather update.
[DEBUG] 2018-09-11 15:59:01,050 - mario: Hero update.
[DEBUG] 2018-09-11 15:59:01,050 - mario: PlatformManager update.
[DEBUG] 2018-09-11 15:59:01,065 - mario: GUI update.
[DEBUG] 2018-09-11 15:59:01,065 - mario: World update.
[DEBUG] 2018-09-11 15:59:01,065 - mario: Pipe update.
[DEBUG] 2018-09-11 15:59:01,065 - mario: Koopa update.
[DEBUG] 2018-09-11 15:59:01,065 - mario: Feather update.
[DEBUG] 2018-09-11 15:59:01,065 - mario: Hero update.
[DEBUG] 2018-09-11 15:59:01,065 - mario: PlatformManager update.
[DEBUG] 2018-09-11 15:59:01,080 - mario: GUI update.
[DEBUG] 2018-09-11 15:59:01,080 - mario: World update.
[DEBUG] 2018-09-11 15:59:01,080 - mario: Pipe update.
[DEBUG] 2018-09-11 15:59:01,080 - mario: Koopa update.
[DEBUG] 2018-09-11 15:59:01,080 - mario: Feather update.
[DEBUG] 2018-09-11 15:59:01,080 - mario: Hero update.
[DEBUG] 2018-09-11 15:59:01,080 - mario: PlatformManager update.
[DEBUG] 2018-09-11 15:59:01,096 - mario: GUI update.
[DEBUG] 2018-09-11 15:59:01,096 - mario: World update.
[DEBUG] 2018-09-11 15:59:01,096 - mario: Pipe update.
[DEBUG] 2018-09-11 15:59:01,096 - mario: Koopa update.
[DEBUG] 2018-09-11 15:59:01,096 - mario: Feather update.
[DEBUG] 2018-09-11 15:59:01,096 - mario: Hero update.
[DEBUG] 2018-09-11 15:59:01,096 - mario: PlatformManager update.
[DEBUG] 2018-09-11 15:59:01,111 - mario: GUI update.
[DEBUG] 2018-09-11 15:59:01,111 - mario: World update.
[DEBUG] 2018-09-11 15:59:01,111 - mario: Pipe update.
[DEBUG] 2018-09-11 15:59:01,111 - mario: Koopa update.
[DEBUG] 2018-09-11 15:59:01,111 - mario: Feather update.
[DEBUG] 2018-09-11 15:59:01,111 - mario: Hero update.
[DEBUG] 2018-09-11 15:59:01,111 - mario: PlatformManager update.
[DEBUG] 2018-09-11 15:59:01,126 - mario: GUI update.
[DEBUG] 2018-09-11 15:59:01,126 - mario: World update.
[DEBUG] 2018-09-11 15:59:01,126 - mario: Pipe update.
[DEBUG] 2018-09-11 15:59:01,126 - mario: Koopa update.
[DEBUG] 2018-09-11 15:59:01,126 - mario: Feather update.
[DEBUG] 2018-09-11 15:59:01,126 - mario: Hero update.
[DEBUG] 2018-09-11 15:59:01,126 - mario: PlatformManager update.
[DEBUG] 2018-09-11 15:59:01,142 - mario: GUI update.
[DEBUG] 2018-09-11 15:59:01,142 - mario: World update.
[DEBUG] 2018-09-11 15:59:01,142 - mario: Pipe update.
[DEBUG] 2018-09-11 15:59:01,142 - mario: Koopa update.
[DEBUG] 2018-09-11 15:59:01,142 - mario: Feather update.
[DEBUG] 2018-09-11 15:59:01,142 - mario: Hero update.
[DEBUG] 2018-09-11 15:59:01,143 - mario: PlatformManager update.
[DEBUG] 2018-09-11 15:59:01,157 - mario: GUI update.
[DEBUG] 2018-09-11 15:59:01,157 - mario: World update.
[DEBUG] 2018-09-11 15:59:01,157 - mario: Pipe update.
[DEBUG] 2018-09-11 15:59:01,157 - mario: Koopa update.
[DEBUG] 2018-09-11 15:59:01,157 - mario: Feather update.
[DEBUG] 2018-09-11 15:59:01,157 - mario: Hero update.
[DEBUG] 2018-09-11 15:59:01,157 - mario: PlatformManager update.
[DEBUG] 2018-09-11 15:59:01,172 - mario: GUI update.
[DEBUG] 2018-09-11 15:59:01,172 - mario: World update.
[DEBUG] 2018-09-11 15:59:01,172 - mario: Pipe update.
[DEBUG] 2018-09-11 15:59:01,172 - mario: Koopa update.
[DEBUG] 2018-09-11 15:59:01,172 - mario: Feather update.
[DEBUG] 2018-09-11 15:59:01,172 - mario: Hero update.
[DEBUG] 2018-09-11 15:59:01,172 - mario: PlatformManager update.
[DEBUG] 2018-09-11 15:59:01,187 - mario: GUI update.
[DEBUG] 2018-09-11 15:59:01,187 - mario: World update.
[DEBUG] 2018-09-11 15:59:01,187 - mario: Pipe update.
[DEBUG] 2018-09-11 15:59:01,187 - mario: Koopa update.
[DEBUG] 2018-09-11 15:59:01,187 - mario: Feather update.
[DEBUG] 2018-09-11 15:59:01,187 - mario: Hero update.
[DEBUG] 2018-09-11 15:59:01,187 - mario: PlatformManager update.
[DEBUG] 2018-09-11 15:59:01,206 - mario: GUI update.
[DEBUG] 2018-09-11 15:59:01,206 - mario: World update.
[DEBUG] 2018-09-11 15:59:01,206 - mario: Pipe update.
[DEBUG] 2018-09-11 15:59:01,206 - mario: Koopa update.
[DEBUG] 2018-09-11 15:59:01,206 - mario: Feather update.
[DEBUG] 2018-09-11 15:59:01,206 - mario: Hero update.
[DEBUG] 2018-09-11 15:59:01,206 - mario: PlatformManager update.
[DEBUG] 2018-09-11 15:59:01,221 - mario: GUI update.
[DEBUG] 2018-09-11 15:59:01,221 - mario: World update.
[DEBUG] 2018-09-11 15:59:01,221 - mario: Pipe update.
[DEBUG] 2018-09-11 15:59:01,221 - mario: Koopa update.
[DEBUG] 2018-09-11 15:59:01,221 - mario: Feather update.
[DEBUG] 2018-09-11 15:59:01,221 - mario: Hero update.
[DEBUG] 2018-09-11 15:59:01,221 - mario: PlatformManager update.
[DEBUG] 2018-09-11 15:59:01,236 - mario: GUI update.
[DEBUG] 2018-09-11 15:59:01,236 - mario: World update.
[DEBUG] 2018-09-11 15:59:01,236 - mario: Pipe update.
[DEBUG] 2018-09-11 15:59:01,236 - mario: Koopa update.
[DEBUG] 2018-09-11 15:59:01,236 - mario: Feather update.
[DEBUG] 2018-09-11 15:59:01,236 - mario: Hero update.
[DEBUG] 2018-09-11 15:59:01,236 - mario: PlatformManager update.
[DEBUG] 2018-09-11 15:59:01,251 - mario: GUI update.
[DEBUG] 2018-09-11 15:59:01,251 - mario: World update.
[DEBUG] 2018-09-11 15:59:01,251 - mario: Pipe update.
[DEBUG] 2018-09-11 15:59:01,251 - mario: Koopa update.
[DEBUG] 2018-09-11 15:59:01,251 - mario: Feather update.
[DEBUG] 2018-09-11 15:59:01,251 - mario: Hero update.
[DEBUG] 2018-09-11 15:59:01,251 - mario: PlatformManager update.
[DEBUG] 2018-09-11 15:59:01,266 - mario: GUI update.
[DEBUG] 2018-09-11 15:59:01,266 - mario: World update.
[DEBUG] 2018-09-11 15:59:01,266 - mario: Pipe update.
[DEBUG] 2018-09-11 15:59:01,266 - mario: Koopa update.
[DEBUG] 2018-09-11 15:59:01,266 - mario: Feather update.
[DEBUG] 2018-09-11 15:59:01,266 - mario: Hero update.
[DEBUG] 2018-09-11 15:59:01,266 - mario: PlatformManager update.
[DEBUG] 2018-09-11 15:59:01,281 - mario: GUI update.
[DEBUG] 2018-09-11 15:59:01,281 - mario: World update.
[DEBUG] 2018-09-11 15:59:01,281 - mario: Pipe update.
[DEBUG] 2018-09-11 15:59:01,281 - mario: Koopa update.
[DEBUG] 2018-09-11 15:59:01,281 - mario: Feather update.
[DEBUG] 2018-09-11 15:59:01,281 - mario: Hero update.
[DEBUG] 2018-09-11 15:59:01,281 - mario: PlatformManager update.
[DEBUG] 2018-09-11 15:59:01,296 - mario: GUI update.
[DEBUG] 2018-09-11 15:59:01,296 - mario: World update.
[DEBUG] 2018-09-11 15:59:01,296 - mario: Pipe update.
[DEBUG] 2018-09-11 15:59:01,296 - mario: Koopa update.
[DEBUG] 2018-09-11 15:59:01,296 - mario: Feather update.
[DEBUG] 2018-09-11 15:59:01,296 - mario: Hero update.
[DEBUG] 2018-09-11 15:59:01,296 - mario: PlatformManager update.
[DEBUG] 2018-09-11 15:59:01,311 - mario: GUI update.
[DEBUG] 2018-09-11 15:59:01,311 - mario: World update.
[DEBUG] 2018-09-11 15:59:01,311 - mario: Pipe update.
[DEBUG] 2018-09-11 15:59:01,311 - mario: Koopa update.
[DEBUG] 2018-09-11 15:59:01,311 - mario: Feather update.
[DEBUG] 2018-09-11 15:59:01,311 - mario: Hero update.
[DEBUG] 2018-09-11 15:59:01,311 - mario: PlatformManager update.
[DEBUG] 2018-09-11 15:59:01,326 - mario: GUI update.
[DEBUG] 2018-09-11 15:59:01,326 - mario: World update.
[DEBUG] 2018-09-11 15:59:01,326 - mario: Pipe update.
[DEBUG] 2018-09-11 15:59:01,326 - mario: Koopa update.
[DEBUG] 2018-09-11 15:59:01,326 - mario: Feather update.
[DEBUG] 2018-09-11 15:59:01,326 - mario: Hero update.
[DEBUG] 2018-09-11 15:59:01,326 - mario: PlatformManager update.
[DEBUG] 2018-09-11 15:59:01,341 - mario: GUI update.
[DEBUG] 2018-09-11 15:59:01,341 - mario: World update.
[DEBUG] 2018-09-11 15:59:01,341 - mario: Pipe update.
[DEBUG] 2018-09-11 15:59:01,341 - mario: Koopa update.
[DEBUG] 2018-09-11 15:59:01,341 - mario: Feather update.
[DEBUG] 2018-09-11 15:59:01,341 - mario: Hero update.
[DEBUG] 2018-09-11 15:59:01,342 - mario: PlatformManager update.
[DEBUG] 2018-09-11 15:59:01,356 - mario: GUI update.
[DEBUG] 2018-09-11 15:59:01,356 - mario: World update.
[DEBUG] 2018-09-11 15:59:01,356 - mario: Pipe update.
[DEBUG] 2018-09-11 15:59:01,356 - mario: Koopa update.
[DEBUG] 2018-09-11 15:59:01,356 - mario: Feather update.
[DEBUG] 2018-09-11 15:59:01,356 - mario: Hero update.
[DEBUG] 2018-09-11 15:59:01,357 - mario: PlatformManager update.
[DEBUG] 2018-09-11 15:59:01,371 - mario: GUI update.
[DEBUG] 2018-09-11 15:59:01,371 - mario: World update.
[DEBUG] 2018-09-11 15:59:01,371 - mario: Pipe update.
[DEBUG] 2018-09-11 15:59:01,371 - mario: Koopa update.
[DEBUG] 2018-09-11 15:59:01,371 - mario: Feather update.
[DEBUG] 2018-09-11 15:59:01,371 - mario: Hero update.
[DEBUG] 2018-09-11 15:59:01,371 - mario: PlatformManager update.
[DEBUG] 2018-09-11 15:59:01,386 - mario: GUI update.
[DEBUG] 2018-09-11 15:59:01,386 - mario: World update.
[DEBUG] 2018-09-11 15:59:01,386 - mario: Pipe update.
[DEBUG] 2018-09-11 15:59:01,386 - mario: Koopa update.
[DEBUG] 2018-09-11 15:59:01,386 - mario: Feather update.
[DEBUG] 2018-09-11 15:59:01,386 - mario: Hero update.
[DEBUG] 2018-09-11 15:59:01,386 - mario: PlatformManager update.
[DEBUG] 2018-09-11 15:59:01,401 - mario: GUI update.
[DEBUG] 2018-09-11 15:59:01,401 - mario: World update.
[DEBUG] 2018-09-11 15:59:01,401 - mario: Pipe update.
[DEBUG] 2018-09-11 15:59:01,401 - mario: Koopa update.
[DEBUG] 2018-09-11 15:59:01,401 - mario: Feather update.
[DEBUG] 2018-09-11 15:59:01,401 - mario: Hero update.
[DEBUG] 2018-09-11 15:59:01,401 - mario: PlatformManager update.
[DEBUG] 2018-09-11 15:59:01,416 - mario: GUI update.
[DEBUG] 2018-09-11 15:59:01,416 - mario: World update.
[DEBUG] 2018-09-11 15:59:01,416 - mario: Pipe update.
[DEBUG] 2018-09-11 15:59:01,416 - mario: Koopa update.
[DEBUG] 2018-09-11 15:59:01,416 - mario: Feather update.
[DEBUG] 2018-09-11 15:59:01,416 - mario: Hero update.
[DEBUG] 2018-09-11 15:59:01,416 - mario: PlatformManager update.
[DEBUG] 2018-09-11 15:59:01,431 - mario: GUI update.
[DEBUG] 2018-09-11 15:59:01,431 - mario: World update.
[DEBUG] 2018-09-11 15:59:01,431 - mario: Pipe update.
[DEBUG] 2018-09-11 15:59:01,431 - mario: Koopa update.
[DEBUG] 2018-09-11 15:59:01,431 - mario: Feather update.
[DEBUG] 2018-09-11 15:59:01,431 - mario: Hero update.
[DEBUG] 2018-09-11 15:59:01,431 - mario: PlatformManager update.
[DEBUG] 2018-09-11 15:59:01,446 - mario: GUI update.
[DEBUG] 2018-09-11 15:59:01,446 - mario: World update.
[DEBUG] 2018-09-11 15:59:01,446 - mario: Pipe update.
[DEBUG] 2018-09-11 15:59:01,446 - mario: Koopa update.
[DEBUG] 2018-09-11 15:59:01,446 - mario: Feather update.
[DEBUG] 2018-09-11 15:59:01,446 - mario: Hero update.
[DEBUG] 2018-09-11 15:59:01,446 - mario: PlatformManager update.
[DEBUG] 2018-09-11 15:59:01,461 - mario: GUI update.
[DEBUG] 2018-09-11 15:59:01,461 - mario: World update.
[DEBUG] 2018-09-11 15:59:01,461 - mario: Pipe update.
[DEBUG] 2018-09-11 15:59:01,461 - mario: Koopa update.
[DEBUG] 2018-09-11 15:59:01,461 - mario: Feather update.
[DEBUG] 2018-09-11 15:59:01,461 - mario: Hero update.
[DEBUG] 2018-09-11 15:59:01,461 - mario: PlatformManager update.
[DEBUG] 2018-09-11 15:59:01,476 - mario: GUI update.
[DEBUG] 2018-09-11 15:59:01,476 - mario: World update.
[DEBUG] 2018-09-11 15:59:01,476 - mario: Pipe update.
[DEBUG] 2018-09-11 15:59:01,476 - mario: Koopa update.
[DEBUG] 2018-09-11 15:59:01,476 - mario: Feather update.
[DEBUG] 2018-09-11 15:59:01,476 - mario: Hero update.
[DEBUG] 2018-09-11 15:59:01,476 - mario: PlatformManager update.
[DEBUG] 2018-09-11 15:59:01,491 - mario: GUI update.
[DEBUG] 2018-09-11 15:59:01,491 - mario: World update.
[DEBUG] 2018-09-11 15:59:01,491 - mario: Pipe update.
[DEBUG] 2018-09-11 15:59:01,491 - mario: Koopa update.
[DEBUG] 2018-09-11 15:59:01,491 - mario: Feather update.
[DEBUG] 2018-09-11 15:59:01,491 - mario: Hero update.
[DEBUG] 2018-09-11 15:59:01,491 - mario: PlatformManager update.
[DEBUG] 2018-09-11 15:59:01,507 - mario: GUI update.
[DEBUG] 2018-09-11 15:59:01,507 - mario: World update.
[DEBUG] 2018-09-11 15:59:01,507 - mario: Pipe update.
[DEBUG] 2018-09-11 15:59:01,507 - mario: Koopa update.
[DEBUG] 2018-09-11 15:59:01,507 - mario: Feather update.
[DEBUG] 2018-09-11 15:59:01,507 - mario: Hero update.
[DEBUG] 2018-09-11 15:59:01,507 - mario: PlatformManager update.
[DEBUG] 2018-09-11 15:59:01,523 - mario: GUI update.
[DEBUG] 2018-09-11 15:59:01,523 - mario: World update.
[DEBUG] 2018-09-11 15:59:01,523 - mario: Pipe update.
[DEBUG] 2018-09-11 15:59:01,523 - mario: Koopa update.
[DEBUG] 2018-09-11 15:59:01,523 - mario: Feather update.
[DEBUG] 2018-09-11 15:59:01,523 - mario: Hero update.
[DEBUG] 2018-09-11 15:59:01,523 - mario: PlatformManager update.
[DEBUG] 2018-09-11 15:59:01,538 - mario: GUI update.
[DEBUG] 2018-09-11 15:59:01,538 - mario: World update.
[DEBUG] 2018-09-11 15:59:01,538 - mario: Pipe update.
[DEBUG] 2018-09-11 15:59:01,538 - mario: Koopa update.
[DEBUG] 2018-09-11 15:59:01,538 - mario: Feather update.
[DEBUG] 2018-09-11 15:59:01,538 - mario: Hero update.
[DEBUG] 2018-09-11 15:59:01,538 - mario: PlatformManager update.
[DEBUG] 2018-09-11 15:59:01,553 - mario: GUI update.
[DEBUG] 2018-09-11 15:59:01,553 - mario: World update.
[DEBUG] 2018-09-11 15:59:01,553 - mario: Pipe update.
[DEBUG] 2018-09-11 15:59:01,553 - mario: Koopa update.
[DEBUG] 2018-09-11 15:59:01,553 - mario: Feather update.
[DEBUG] 2018-09-11 15:59:01,553 - mario: Hero update.
[DEBUG] 2018-09-11 15:59:01,554 - mario: PlatformManager update.
[DEBUG] 2018-09-11 15:59:01,568 - mario: GUI update.
[DEBUG] 2018-09-11 15:59:01,568 - mario: World update.
[DEBUG] 2018-09-11 15:59:01,568 - mario: Pipe update.
[DEBUG] 2018-09-11 15:59:01,568 - mario: Koopa update.
[DEBUG] 2018-09-11 15:59:01,568 - mario: Feather update.
[DEBUG] 2018-09-11 15:59:01,568 - mario: Hero update.
[DEBUG] 2018-09-11 15:59:01,569 - mario: PlatformManager update.
[DEBUG] 2018-09-11 15:59:01,583 - mario: GUI update.
[DEBUG] 2018-09-11 15:59:01,583 - mario: World update.
[DEBUG] 2018-09-11 15:59:01,583 - mario: Pipe update.
[DEBUG] 2018-09-11 15:59:01,583 - mario: Koopa update.
[DEBUG] 2018-09-11 15:59:01,583 - mario: Feather update.
[DEBUG] 2018-09-11 15:59:01,583 - mario: Hero update.
[DEBUG] 2018-09-11 15:59:01,583 - mario: PlatformManager update.
[DEBUG] 2018-09-11 15:59:01,598 - mario: GUI update.
[DEBUG] 2018-09-11 15:59:01,598 - mario: World update.
[DEBUG] 2018-09-11 15:59:01,598 - mario: Pipe update.
[DEBUG] 2018-09-11 15:59:01,598 - mario: Koopa update.
[DEBUG] 2018-09-11 15:59:01,598 - mario: Feather update.
[DEBUG] 2018-09-11 15:59:01,598 - mario: Hero update.
[DEBUG] 2018-09-11 15:59:01,598 - mario: PlatformManager update.
[DEBUG] 2018-09-11 15:59:01,613 - mario: GUI update.
[DEBUG] 2018-09-11 15:59:01,613 - mario: World update.
[DEBUG] 2018-09-11 15:59:01,613 - mario: Pipe update.
[DEBUG] 2018-09-11 15:59:01,613 - mario: Koopa update.
[DEBUG] 2018-09-11 15:59:01,613 - mario: Feather update.
[DEBUG] 2018-09-11 15:59:01,613 - mario: Hero update.
[DEBUG] 2018-09-11 15:59:01,614 - mario: PlatformManager update.
